Decoy netscan iteration 1, delay: 1 seconds
tcp6       0      0  2603:8000:3a3d:9.57248 2606:4700:3030::.443   CLOSE_WAIT 
tcp4       0      0  192.168.1.3.57233      104.21.59.232.443      CLOSE_WAIT 
tcp6      24      0  2603:8000:3a3d:9.57196 2a04:4e42::347.443     CLOSE_WAIT 
tcp6       0      0  2603:8000:3a3d:9.57098 2606:4700:4400::.443   CLOSE_WAIT 
tcp6       0      0  2603:8000:3a3d:9.57093 2606:4700:4400::.443   CLOSE_WAIT 
tcp6       0      0  2603:8000:3a3d:9.57092 2606:4700::6812:.443   CLOSE_WAIT 
tcp6       0      0  2603:8000:3a3d:9.57090 2606:4700::6812:.443   CLOSE_WAIT 
tcp4       0      0  192.168.1.3.57087      3.169.252.21.443       CLOSE_WAIT 
tcp4       0      0  192.168.1.3.56713      15.197.213.252.443     CLOSE_WAIT 
tcp6       0      0  2603:8000:3a3d:9.57468 2606:4700:4400::.443   ESTABLISHED
tcp6       0      0  2603:8000:3a3d:9.57467 2600:1f18:24e6:b.443   ESTABLISHED
tcp6       0      0  2603:8000:3a3d:9.57390 2606:4700:4400::.443   ESTABLISHED
Decoy netscan iteration 2, delay: 1 seconds
tcp6       0      0  2603:8000:3a3d:9.57248 2606:4700:3030::.443   CLOSE_WAIT 
tcp4       0      0  192.168.1.3.57233      104.21.59.232.443      CLOSE_WAIT 
tcp6      24      0  2603:8000:3a3d:9.57196 2a04:4e42::347.443     CLOSE_WAIT 
tcp6       0      0  2603:8000:3a3d:9.57098 2606:4700:4400::.443   CLOSE_WAIT 
tcp6       0      0  2603:8000:3a3d:9.57093 2606:4700:4400::.443   CLOSE_WAIT 
tcp6       0      0  2603:8000:3a3d:9.57092 2606:4700::6812:.443   CLOSE_WAIT 
tcp6       0      0  2603:8000:3a3d:9.57090 2606:4700::6812:.443   CLOSE_WAIT 
tcp4       0      0  192.168.1.3.57087      3.169.252.21.443       CLOSE_WAIT 
tcp4       0      0  192.168.1.3.56713      15.197.213.252.443     CLOSE_WAIT 
tcp6       0      0  2603:8000:3a3d:9.57468 2606:4700:4400::.443   ESTABLISHED
tcp6       0      0  2603:8000:3a3d:9.57467 2600:1f18:24e6:b.443   ESTABLISHED
tcp6       0      0  2603:8000:3a3d:9.57390 2606:4700:4400::.443   ESTABLISHED
Decoy netscan iteration 3, delay: 2 seconds
tcp6       0      0  2603:8000:3a3d:9.57248 2606:4700:3030::.443   CLOSE_WAIT 
tcp4       0      0  192.168.1.3.57233      104.21.59.232.443      CLOSE_WAIT 
tcp6      24      0  2603:8000:3a3d:9.57196 2a04:4e42::347.443     CLOSE_WAIT 
tcp6       0      0  2603:8000:3a3d:9.57098 2606:4700:4400::.443   CLOSE_WAIT 
tcp6       0      0  2603:8000:3a3d:9.57093 2606:4700:4400::.443   CLOSE_WAIT 
tcp6       0      0  2603:8000:3a3d:9.57092 2606:4700::6812:.443   CLOSE_WAIT 
tcp6       0      0  2603:8000:3a3d:9.57090 2606:4700::6812:.443   CLOSE_WAIT 
tcp4       0      0  192.168.1.3.57087      3.169.252.21.443       CLOSE_WAIT 
tcp4       0      0  192.168.1.3.56713      15.197.213.252.443     CLOSE_WAIT 
tcp6       0      0  2603:8000:3a3d:9.57468 2606:4700:4400::.443   ESTABLISHED
tcp6       0      0  2603:8000:3a3d:9.57467 2600:1f18:24e6:b.443   ESTABLISHED
tcp6       0      0  2603:8000:3a3d:9.57390 2606:4700:4400::.443   ESTABLISHED
Decoy netscan iteration 4, delay: 3 seconds
tcp6       0      0  2603:8000:3a3d:9.57248 2606:4700:3030::.443   CLOSE_WAIT 
tcp4       0      0  192.168.1.3.57233      104.21.59.232.443      CLOSE_WAIT 
tcp6      24      0  2603:8000:3a3d:9.57196 2a04:4e42::347.443     CLOSE_WAIT 
tcp6       0      0  2603:8000:3a3d:9.57098 2606:4700:4400::.443   CLOSE_WAIT 
tcp6       0      0  2603:8000:3a3d:9.57093 2606:4700:4400::.443   CLOSE_WAIT 
tcp6       0      0  2603:8000:3a3d:9.57092 2606:4700::6812:.443   CLOSE_WAIT 
tcp6       0      0  2603:8000:3a3d:9.57090 2606:4700::6812:.443   CLOSE_WAIT 
tcp4       0      0  192.168.1.3.57087      3.169.252.21.443       CLOSE_WAIT 
tcp4       0      0  192.168.1.3.56713      15.197.213.252.443     CLOSE_WAIT 
tcp6       0      0  2603:8000:3a3d:9.57468 2606:4700:4400::.443   ESTABLISHED
tcp6       0      0  2603:8000:3a3d:9.57467 2600:1f18:24e6:b.443   ESTABLISHED
tcp6       0      0  2603:8000:3a3d:9.57390 2606:4700:4400::.443   ESTABLISHED
Decoy netscan iteration 5, delay: 5 seconds
tcp6       0      0  2603:8000:3a3d:9.57248 2606:4700:3030::.443   CLOSE_WAIT 
tcp4       0      0  192.168.1.3.57233      104.21.59.232.443      CLOSE_WAIT 
tcp6      24      0  2603:8000:3a3d:9.57196 2a04:4e42::347.443     CLOSE_WAIT 
tcp6       0      0  2603:8000:3a3d:9.57098 2606:4700:4400::.443   CLOSE_WAIT 
tcp6       0      0  2603:8000:3a3d:9.57093 2606:4700:4400::.443   CLOSE_WAIT 
tcp6       0      0  2603:8000:3a3d:9.57092 2606:4700::6812:.443   CLOSE_WAIT 
tcp6       0      0  2603:8000:3a3d:9.57090 2606:4700::6812:.443   CLOSE_WAIT 
tcp4       0      0  192.168.1.3.57087      3.169.252.21.443       CLOSE_WAIT 
tcp4       0      0  192.168.1.3.56713      15.197.213.252.443     CLOSE_WAIT 
tcp6       0      0  2603:8000:3a3d:9.57469 2606:4700:4400::.443   ESTABLISHED
tcp6       0      0  2603:8000:3a3d:9.57468 2606:4700:4400::.443   ESTABLISHED
tcp6       0      0  2603:8000:3a3d:9.57390 2606:4700:4400::.443   ESTABLISHED
