Moved: /Users/gest/eternum_manifest_synchronicities.md
Moved: /Users/gest/eternum-shell/eternum_ipfs_deploy.sh
Moved: /Users/gest/eternum-shell/3tr-hardhat/eternum-hardhat.sh
Moved: /Users/gest/Desktop/ԽԳ_ԳԵՐ_ՖԱՆԹՈՄ_Archive/eternum_unlock.sh
Moved: /Users/gest/Desktop/ԽԳ_ԳԵՐ_ՖԱՆԹՈՄ_Archive/eternum_vault_add.sh
Moved: /Users/gest/Desktop/phantom_vault/eternum-manifesto.md
Moved: /Users/gest/Desktop/phantom_vault/eternum_aliases.sh
Moved: /Users/gest/Desktop/phantom_vault/eternum-shells_README.md
Moved: /Users/gest/Desktop/phantom_vault/eternum-check.sh
Moved: /Users/gest/Desktop/phantom_vault/eternum_unlock.sh
Moved: /Users/gest/Desktop/phantom_vault/eternum-license.md
Moved: /Users/gest/Desktop/phantom_vault/eternum-shell.sh
Moved: /Users/gest/Desktop/phantom_vault/eternum-auto.sh
Moved: /Users/gest/Desktop/phantom_vault/eternum-watchdog.sh
Moved: /Users/gest/Desktop/phantom_vault/eternum-hardhat.sh
Moved: /Users/gest/Desktop/phantom_vault/eternum_ipfs_deploy.sh
Moved: /Users/gest/Desktop/phantom_vault/eternum_bootstrap.sh
Moved: /Users/gest/Desktop/phantom_vault/eternum_manifesto.md
Moved: /Users/gest/Desktop/phantom_vault/eternum_vault_add.sh
Moved: /Users/gest/Library/Mobile Documents/.Trash/Users 2/spacecadette/eternum_aliases.sh
Moved: /Users/gest/Library/Mobile Documents/.Trash/Users 2/spacecadette/eternum/eternum_bootstrap.sh
Moved: /Users/gest/Library/Mobile Documents/.Trash/Users/spacecadette/eternum_aliases.sh
Moved: /Users/gest/Library/Mobile Documents/.Trash/Users/spacecadette/eternum/eternum_bootstrap.sh
Moved: /Users/gest/eternum_neuroimmune_manifest.md
Moved: /Users/gest/scripts/init_eternum_fs.sh
Moved: /Users/gest/.Trash/eternum_bundle/eternum-cipherspace/eternum_manifesto.md
Moved: /Users/gest/.Trash/eternum_bundle/eternum-watchdog.sh
Moved: /Users/gest/Documents/Downloads/eternum_bootstrap.sh
Moved: /Users/gest/Downloads/eternum-shells_README.md
Moved: /Users/gest/Downloads/eternum-licenses/eternum-license.md
Moved: /Users/gest/eternum_quantum_shell.py
Moved: /Users/gest/Eternum/eternum-shell.sh
Moved: /Users/gest/Eternum/eternum-auto.sh
Moved: /Users/gest/Eternum/scripts/eternum_ocr.py
Moved: /Users/gest/Eternum/engine/sweep_eternum_engine.sh
Moved: /Users/gest/vault/eternum-check.sh
Moved: /Users/gest/vault/eternum-shell.sh
Moved: /Users/gest/vault/genesis_drop/deploy_eternum_ipfs.sh
Moved: /Users/gest/vault/eternum_defense_bundle.sh
Moved: /Users/gest/vault/eternum_vault_add.sh
