Routing tables

Internet:
Destination        Gateway            Flags               Netif Expire
default            192.168.1.1        UGScg                 en0       
127                127.0.0.1          UCS                   lo0       
127.0.0.1          127.0.0.1          UH                    lo0       
169.254            link#11            UCS                   en0      !
192.168.1          link#11            UCS                   en0      !
192.168.1.1/32     link#11            UCS                   en0      !
192.168.1.1        be:96:e5:51:5a:2b  UHLWIir               en0   1181
192.168.1.3/32     link#11            UCS                   en0      !
192.168.1.42       26:72:15:6e:4c:e9  UHLWIi                en0   1197
192.168.1.122      a4:cf:99:97:b8:1b  UHLWI                 en0    705
192.168.1.147      5c:e9:1e:a3:18:ea  UHLWI                 en0    258
192.168.1.197      a8:51:ab:1a:ad:ed  UHLWI                 en0   1196
192.168.1.255      ff:ff:ff:ff:ff:ff  UHLWbI                en0      !
224.0.0/4          link#11            UmCS                  en0      !
224.0.0.251        1:0:5e:0:0:fb      UHmLWI                en0       
239.255.255.250    1:0:5e:7f:ff:fa    UHmLWI                en0       
255.255.255.255/32 link#11            UCS                   en0      !

Internet6:
Destination                             Gateway                                 Flags               Netif Expire
default                                 fe80::bc96:e5ff:fe51:5a2b%en0           UGcg                  en0       
default                                 fe80::%utun0                            UGcIg               utun0       
default                                 fe80::%utun1                            UGcIg               utun1       
default                                 fe80::%utun2                            UGcIg               utun2       
default                                 fe80::%utun3                            UGcIg               utun3       
::1                                     ::1                                     UHL                   lo0       
2603:8000:3a3d:988c::/64                link#11                                 UC                    en0       
2603:8000:3a3d:988c::1                  be:96:e5:51:5a:2b                       UHLWIi                en0       
2603:8000:3a3d:988c::1c39               f2:6f:5c:8b:11:d9                       UHL                   lo0       
2603:8000:3a3d:988c:869:641a:a48b:ba4f  f2:6f:5c:8b:11:d9                       UHL                   lo0       
2603:8000:3a3d:988c:b47e:64a1:10a3:fcff f2:6f:5c:8b:11:d9                       UHL                   lo0       
fe80::%lo0/64                           fe80::1%lo0                             UcI                   lo0       
fe80::1%lo0                             link#1                                  UHLI                  lo0       
fe80::%en0/64                           link#11                                 UCI                   en0       
fe80::ba:b9c1:986f:aabf%en0             f2:6f:5c:8b:11:d9                       UHLI                  lo0       
fe80::10bc:76d2:5471:161d%en0           a4:cf:99:97:b8:1b                       UHLWI                 en0       
fe80::10d7:30b5:577d:c575%en0           a8:51:ab:1a:ad:ed                       UHLWI                 en0       
fe80::10e8:4190:c4d6:70a0%en0           b0:34:95:48:a1:e4                       UHLWI                 en0       
fe80::1429:63c6:627e:380f%en0           26:72:15:6e:4c:e9                       UHLWI                 en0       
fe80::146c:af55:28aa:6597%en0           f2:7c:d5:25:53:ac                       UHLWI                 en0       
fe80::1470:8d00:81bd:6512%en0           22:f2:48:6e:c4:5f                       UHLWI                 en0       
fe80::147b:d1d9:6f89:e81d%en0           5c:e9:1e:a3:18:ea                       UHLWI                 en0       
fe80::18ab:8389:44e9:549b%en0           3e:d4:80:d9:33:8                        UHLWI                 en0       
fe80::bc96:e5ff:fe51:5a2b%en0           be:96:e5:51:5a:2b                       UHLWIir               en0       
fe80::decd:2fff:fe38:35d9%en0           dc:cd:2f:38:35:d9                       UHLWI                 en0       
fe80::b88f:6fff:fe51:9dbb%awdl0         ba:8f:6f:51:9d:bb                       UHLI                  lo0       
fe80::b88f:6fff:fe51:9dbb%llw0          ba:8f:6f:51:9d:bb                       UHLI                  lo0       
fe80::%utun0/64                         fe80::fc05:4252:5d17:e88b%utun0         UcI                 utun0       
fe80::fc05:4252:5d17:e88b%utun0         link#20                                 UHLI                  lo0       
fe80::%utun1/64                         fe80::7d71:21ca:90c7:7247%utun1         UcI                 utun1       
fe80::7d71:21ca:90c7:7247%utun1         link#21                                 UHLI                  lo0       
fe80::%utun2/64                         fe80::448b:bd8e:6de8:8942%utun2         UcI                 utun2       
fe80::448b:bd8e:6de8:8942%utun2         link#22                                 UHLI                  lo0       
fe80::%utun3/64                         fe80::ce81:b1c:bd2c:69e%utun3           UcI                 utun3       
fe80::ce81:b1c:bd2c:69e%utun3           link#23                                 UHLI                  lo0       
ff00::/8                                ::1                                     UmCI                  lo0       
ff00::/8                                link#11                                 UmCI                  en0       
ff00::/8                                link#13                                 UmCI                awdl0       
ff00::/8                                link#15                                 UmCI                 llw0       
ff00::/8                                fe80::fc05:4252:5d17:e88b%utun0         UmCI                utun0       
ff00::/8                                fe80::7d71:21ca:90c7:7247%utun1         UmCI                utun1       
ff00::/8                                fe80::448b:bd8e:6de8:8942%utun2         UmCI                utun2       
ff00::/8                                fe80::ce81:b1c:bd2c:69e%utun3           UmCI                utun3       
ff01::%lo0/32                           ::1                                     UmCI                  lo0       
ff01::%en0/32                           link#11                                 UmCI                  en0       
ff01::%utun0/32                         fe80::fc05:4252:5d17:e88b%utun0         UmCI                utun0       
ff01::%utun1/32                         fe80::7d71:21ca:90c7:7247%utun1         UmCI                utun1       
ff01::%utun2/32                         fe80::448b:bd8e:6de8:8942%utun2         UmCI                utun2       
ff01::%utun3/32                         fe80::ce81:b1c:bd2c:69e%utun3           UmCI                utun3       
ff02::%lo0/32                           ::1                                     UmCI                  lo0       
ff02::%en0/32                           link#11                                 UmCI                  en0       
ff02::%utun0/32                         fe80::fc05:4252:5d17:e88b%utun0         UmCI                utun0       
ff02::%utun1/32                         fe80::7d71:21ca:90c7:7247%utun1         UmCI                utun1       
ff02::%utun2/32                         fe80::448b:bd8e:6de8:8942%utun2         UmCI                utun2       
ff02::%utun3/32                         fe80::ce81:b1c:bd2c:69e%utun3           UmCI                utun3       
