/Library/LaunchAgents/:

/Library/LaunchDaemons/:

/System/Library/Extensions/:
acfs.kext
acfsctl.kext
AFKACIPCKext.kext
afpfs.kext
AFTK_Kext.kext
AGXFirmwareKextG11GRTBuddy.kext
AGXFirmwareKextG13GRTBuddy.kext
AGXFirmwareKextG13XRTBuddy.kext
AGXFirmwareKextG14GRTBuddy.kext
AGXFirmwareKextG14XRTBuddy.kext
AGXFirmwareKextG15CRTBuddy.kext
AGXFirmwareKextG15GRTBuddy.kext
AGXFirmwareKextG15SRTBuddy.kext
AGXFirmwareKextG16GRTBuddy.kext
AGXFirmwareKextG16XRTBuddy.kext
AGXFirmwareKextRTBuddy64.kext
AGXG13G.kext
AGXG13X.kext
AGXG14G.kext
AGXG14X.kext
AGXG15C.kext
AGXG15G.kext
AGXG15S.kext
AGXG16G.kext
AGXG16X.kext
AGXGPURawCounterBundle.bundle
AGXMetal13_3.bundle
AGXMetalG13X.bundle
AGXMetalG14G.bundle
AGXMetalG14X.bundle
AGXMetalG15G_B0.bundle
AGXMetalG15G_C0.bundle
AGXMetalG15X_M0.bundle
AGXMetalG15X_M1.bundle
AGXMetalG15X_M2.bundle
AGXMetalG16G_A0.bundle
AGXMetalG16G_B0.bundle
AGXMetalG16X.bundle
ALF.kext
AMD10000Controller.kext
AMD9500Controller.kext
AMDFramebuffer.kext
AMDMTLBronzeDriver.bundle
AMDRadeonServiceManager.kext
AMDRadeonVADriver.bundle
AMDRadeonVADriver2.bundle
AMDRadeonX4000.kext
AMDRadeonX4000GLDriver.bundle
AMDRadeonX4000HWServices.kext
AMDRadeonX5000.kext
AMDRadeonX5000GLDriver.bundle
AMDRadeonX5000HWServices.kext
AMDRadeonX5000MTLDriver.bundle
AMDRadeonX5000Shared.bundle
AMDRadeonX6000.kext
AMDRadeonX6000Framebuffer.kext
AMDRadeonX6000GLDriver.bundle
AMDRadeonX6000HWServices.kext
AMDRadeonX6000MTLDriver.bundle
AMDRadeonX6000Shared.bundle
AMDRawCounterPlugin.bundle
AMDShared.bundle
AMDSupport.kext
AOPAudioDriver.kext
apfs.kext
Apple_iSight.kext
Apple16X50Serial.kext
AppleA7IOP-AKFWrap-v1.kext
AppleA7IOP-AKFWrap-v2.kext
AppleA7IOP-AKFWrap-v4.kext
AppleA7IOP-ASCWrap-v1.kext
AppleA7IOP-ASCWrap-v2.kext
AppleA7IOP-ASCWrap-v4.kext
AppleA7IOP-ASCWrap-v6.kext
AppleA7IOP-M3Wrap-v2.kext
AppleA7IOP-MXWrap-v1.kext
AppleA7IOP-R5Wrap-v1.kext
AppleA7IOP.kext
AppleACPIPlatform.kext
AppleActuatorDriver.kext
AppleAfterburner.kext
AppleAHCIPort.kext
AppleALSColorSensor.kext
AppleANELoadBalancer.kext
AppleANXDPTX.kext
AppleAOP2.kext
AppleAOPAudio.kext
AppleAOPVoiceTrigger.kext
AppleAPIC.kext
AppleARMGIC.kext
AppleARMIISAudio.kext
AppleARMPlatform.kext
AppleARMPMU.kext
AppleARMWatchdogTimer.kext
AppleAudioClockLibs.kext
AppleAudioRemoteIICController.kext
AppleAuthCP.kext
AppleAvalancheErrorHandler.kext
AppleAVD.kext
AppleAVE2.kext
AppleAVEBridge.kext
AppleBacklight.kext
AppleBacklightExpert.kext
AppleBCMWLANBusInterfacePCIe.kext
AppleBCMWLANBusInterfacePCIeMac.kext
AppleBCMWLANCore.kext
AppleBCMWLANCoreMac.kext
AppleBiometricSensor.kext
AppleBiometricServices.kext
AppleBluetoothDebug.kext
AppleBluetoothDebugService.kext
AppleBluetoothModule.kext
AppleBluetoothMultitouch.kext
AppleBluetoothRemote.kext
AppleBSDKextStarter.kext
AppleBTM.kext
AppleBusPowerController.kext
AppleCallbackPowerSource.kext
AppleConvergedIPCOLYBTControl.kext
AppleConvergedPCI.kext
AppleCredentialManager.kext
AppleCSEmbeddedAudio.kext
AppleCycloneErrorHandler.kext
AppleD1755PMU.kext
AppleD1815PMU.kext
AppleD1881PMU.kext
AppleD1946PMU.kext
AppleD1972PMU.kext
AppleD1974PMU.kext
AppleD2018PMU.kext
AppleD2045PMU.kext
AppleD2089PMU.kext
AppleD2186PMU.kext
AppleD2207PMU.kext
AppleD2238PMU.kext
AppleD2255PMU.kext
AppleD2257PMU.kext
AppleD2333PMU.kext
AppleD2346PMU.kext
AppleD2365PMU.kext
AppleD2400PMU.kext
AppleD2401PMU.kext
AppleD2422PMU.kext
AppleD2449PMU.kext
AppleD2460PMU.kext
AppleDAPF.kext
AppleDCP.kext
AppleDCPDPDisplayProxy.kext
AppleDCPDPTXProxy.kext
AppleDiagnosticDataAccess.kext
AppleDiagnosticDataAccessReadOnly.kext
AppleDialogPMU.kext
AppleDiskImages2.kext
AppleDisplayCrossbar.kext
AppleDisplayCrossbarDP.kext
AppleDisplayManager.kext
AppleDockChannel.kext
AppleDPDisplay.kext
AppleDPDisplayTCON.kext
AppleDPRepeater.kext
AppleDPTX.kext
AppleEffaceableBlockDevice.kext
AppleEffaceableNOR.kext
AppleEffaceableStorage.kext
AppleEffaceableTDM.kext
AppleEFIRuntime.kext
AppleEmbeddedAccelerometer.kext
AppleEmbeddedAudio.kext
AppleEmbeddedAudioLibs.kext
AppleEmbeddedLightSensor.kext
AppleEmbeddedNewAccelerometer.kext
AppleEmbeddedOSSupportHost.kext
AppleEmbeddedPCIE.kext
AppleEmbeddedSimpleSPINORFlasherDriver.kext
AppleEmbeddedTempSensor.kext
AppleEmbeddedTouchEEPROMDriver.kext
AppleEmbeddedUSB.kext
AppleEmbeddedUSBHost.kext
AppleEncryptedArchive.kext
AppleEpochManager.kext
AppleEventLogHandler.kext
AppleEverestErrorHandler.kext
AppleFAN53740.kext
AppleFDEKeyStore.kext
AppleFileSystemDriver.kext
AppleFireStormErrorHandler.kext
AppleFirmwareKit.kext
AppleFirmwareUpdateKext.kext
AppleFIVRDriver.kext
AppleFSCompressionTypeDataless.kext
AppleFSCompressionTypeZlib.kext
AppleGameControllerPersonality.kext
AppleGFXHDA.kext
AppleGL3590FirmwareUpdater.kext
AppleGPIOICController.kext
AppleGraphicsControl.kext
AppleGraphicsPowerManagement.kext
AppleH11ANEInterface.kext
AppleH13CameraInterface.kext
AppleH15MCD.kext
AppleH16ANEInterface.kext
AppleH16CameraInterface.kext
AppleHDA.kext
AppleHIDALSService.kext
AppleHIDKeyboard.kext
AppleHIDKeyboardEmbedded.kext
AppleHIDMouse.kext
AppleHIDTransport.kext
AppleHighVoltageCharger.kext
AppleHPET.kext
AppleHPM.kext
AppleHV.kext
AppleIISController.kext
AppleImage4.kext
AppleInputDeviceSupport.kext
AppleIntelCFLGraphicsFramebuffer.kext
AppleIntelCFLGraphicsVAME.bundle
AppleIntelGraphicsShared.bundle
AppleIntelICLGraphics.kext
AppleIntelICLGraphicsGLDriver.bundle
AppleIntelICLGraphicsMTLDriver.bundle
AppleIntelICLGraphicsVADriver.bundle
AppleIntelICLLPGraphicsFramebuffer.kext
AppleIntelICLLPGraphicsVAME.bundle
AppleIntelKBLGraphics.kext
AppleIntelKBLGraphicsFramebuffer.kext
AppleIntelKBLGraphicsGLDriver.bundle
AppleIntelKBLGraphicsMTLDriver.bundle
AppleIntelKBLGraphicsVADriver.bundle
AppleIntelKBLGraphicsVAME.bundle
AppleIntelLpssDmac.kext
AppleIntelLpssGspi.kext
AppleIntelLpssI2C.kext
AppleIntelLpssI2CController.kext
AppleIntelLpssSpiController.kext
AppleIntelLpssUARTCommon.kext
AppleIntelLpssUARTv0.kext
AppleIntelLpssUARTv1.kext
AppleIntelMCEReporter.kext
AppleIntelPCHPMC.kext
AppleIntelSlowAdaptiveClocking.kext
AppleInterruptController.kext
AppleInterruptControllerV2.kext
AppleInterruptControllerV3.kext
AppleIOPADMAStream.kext
AppleIPAppender.kext
AppleIPCAudioController.kext
AppleIPCAudioDeviceProxy.kext
AppleIRController.kext
AppleJPEGDriver.kext
AppleKeyStore.kext
AppleKMPHDCPManager.kext
AppleLightningErrorHandler.kext
AppleLMBacklight.kext
AppleLockdownMode.kext
AppleLPC.kext
AppleLSIFusionMPT.kext
AppleM2ScalerCSC.kext
AppleM2ScalerParavirtDriver.kext
AppleM68Buttons.kext
AppleMatch.kext
AppleMCA2_T600x.kext
AppleMCA2_T602x.kext
AppleMCA2_T6030.kext
AppleMCA2_T603x.kext
AppleMCA2_T8020.kext
AppleMCA2_T8027.kext
AppleMCA2_T8103.kext
AppleMCA2_T8112.kext
AppleMCA2_T8122.kext
AppleMCCSControl.kext
AppleMCDP29XX.kext
AppleMCDP29XXUpdateSupport.kext
AppleMCP89RootPortPM.kext
AppleMesaSEPDriver.kext
AppleMetalOpenGLRenderer.bundle
AppleMIDIBluetoothDriver.plugin
AppleMIDIIACDriver.plugin
AppleMIDIRTPDriver.plugin
AppleMIDIUSBDriver.plugin
AppleMikeyHIDDriver.kext
AppleMobileApNonce.kext
AppleMobileDispH11G.kext
AppleMobileDispH13G-DCP.kext
AppleMobileDispH13G-DFR.kext
AppleMobileDispH13G.kext
AppleMobileDispH14G-DCP.kext
AppleMobileDispH14G-DFR.kext
AppleMobileDispH14G.kext
AppleMobileDispH14P-DCP.kext
AppleMobileDispH15G-DCP.kext
AppleMobileDispH15G.kext
AppleMobileDispH16G-DCP.kext
AppleMobileDispH16G.kext
AppleMobileDispT600X-DCP.kext
AppleMobileDispT600X.kext
AppleMobileDispT602X-DCP.kext
AppleMobileDispT602X.kext
AppleMobileDispT603C-DCP.kext
AppleMobileDispT603C.kext
AppleMobileDispT603S-DCP.kext
AppleMobileDispT603S.kext
AppleMobileDispT604X-DCP.kext
AppleMobileDispT604X.kext
AppleMobileFileIntegrity.kext
AppleMultiFunctionManager.kext
AppleMultiFunctionManagerMac.kext
AppleMultitouchDriver.kext
AppleNANDConfigAccess.kext
AppleOLYHAL.kext
AppleOLYHALMac.kext
AppleOnboardSerial.kext
AppleParavirtGPU.kext
AppleParavirtGPUIOGPUFamily.kext
AppleParavirtGPUMetal.bundle
AppleParavirtGPUMetalIOGPUFamily.bundle
AppleParavirtIOSurface.kext
AppleParrot.kext
ApplePassthroughPPM.kext
ApplePerfPolicyControllers.kext
ApplePIODMA.kext
ApplePlatformEnabler.kext
ApplePM40100MgmtEP.kext
ApplePMGR.kext
ApplePMP.kext
ApplePMPFirmware.kext
ApplePMUFirmwareDriver.kext
AppleProcessorTrace.kext
AppleProResHW.kext
ApplePTD.kext
ApplePVPanic.kext
AppleQSPIMC.kext
AppleRAID.kext
AppleRemoteIOP.kext
AppleRSMChannel.kext
AppleRSMDevice.kext
AppleRTC.kext
AppleS5L8920XPWM.kext
AppleS5L8930XUSB.kext
AppleS5L8940XDWI.kext
AppleS5L8940XI2C.kext
AppleS5L8960XNCO.kext
AppleS5L8960XUSB.kext
AppleS8000AES.kext
AppleS8000DWI.kext
AppleSamsungSerial.kext
AppleSamsungSPI.kext
AppleSART.kext
AppleSCDriver.kext
AppleSDXC.kext
AppleSecureRepair.kext
AppleSEPGenericTransfer.kext
AppleSEPHDCPManager.kext
AppleSEPKeyStore.kext
AppleSEPManager.kext
AppleSerialShim.kext
AppleSleepPowerPolicy.kext
AppleSmartBatteryManager.kext
AppleSmartIO2.kext
AppleSMBIOS.kext
AppleSMBusController.kext
AppleSMBusPCI.kext
AppleSMC.kext
AppleSMCLMU.kext
AppleSMCRTC.kext
AppleSPIMC.kext
AppleSPMI.kext
AppleSPMIPMU.kext
AppleSPU.kext
AppleSRP.kext
AppleSSE.kext
AppleSTDP2700.kext
AppleStockholmControl.kext
AppleStorageDrivers.kext
AppleSummitLCD.kext
AppleSynopsysMIPIDSI.kext
AppleSyntheticGameController.kext
AppleSystemPolicy.kext
AppleT6000.kext
AppleT6000CLPCv3.kext
AppleT6000DART.kext
AppleT6000PCIeC.kext
AppleT6000PMGR.kext
AppleT6000SOCTuner.kext
AppleT6001PMGR.kext
AppleT6002CLPC.kext
AppleT600xPCIe.kext
AppleT6020.kext
AppleT6020CLPC.kext
AppleT6020PCIeCPIODMA.kext
AppleT6020PCIePIODMA.kext
AppleT6020PMGR.kext
AppleT6020SOCTuner.kext
AppleT6021PMGR.kext
AppleT6022CLPC.kext
AppleT602xPCIe.kext
AppleT6030.kext
AppleT6030ANEHAL.kext
AppleT6030CLPC.kext
AppleT6030PCIe.kext
AppleT6030PMGR.kext
AppleT6030SOCTuner.kext
AppleT6031ANEHAL.kext
AppleT6031CLPC.kext
AppleT6031PCIe.kext
AppleT6031PMGR.kext
AppleT6031SOCTuner.kext
AppleT6032CLPC.kext
AppleT6032PCIeC.kext
AppleT6040PCIe.kext
AppleT6040PCIeC.kext
AppleT6041.kext
AppleT6041ANEHAL.kext
AppleT6041CLPC.kext
AppleT6041MCC.kext
AppleT6041PMGR.kext
AppleT6041SOCTuner.kext
AppleT8002USB.kext
AppleT8006USB.kext
AppleT8010PMPFirmware.kext
AppleT8011PMPFirmware.kext
AppleT8011USB.kext
AppleT8015PMPFirmware.kext
AppleT8020.kext
AppleT8020DART.kext
AppleT8020PMPFirmware.kext
AppleT8020SOCTuner.kext
AppleT8020USB.kext
AppleT8027.kext
AppleT8027PCIe.kext
AppleT8027PMGR.kext
AppleT8027PMPFirmware.kext
AppleT8027USB.kext
AppleT8101.kext
AppleT8101AFT.kext
AppleT8101USB.kext
AppleT8103CLPCv3.kext
AppleT8103PCIe.kext
AppleT8103PCIeC.kext
AppleT8103PCIeCPIODMA.kext
AppleT8103PMGR.kext
AppleT8103USB.kext
AppleT8110.kext
AppleT8110AFT.kext
AppleT8110DART.kext
AppleT8110PCIe.kext
AppleT8110PMGR.kext
AppleT8112CLPC.kext
AppleT8112PCIe.kext
AppleT8112PMGR.kext
AppleT8120PMGR.kext
AppleT8122.kext
AppleT8122CLPC.kext
AppleT8122PCIe.kext
AppleT8122PCIeC.kext
AppleT8122PMGR.kext
AppleT8130PMGR.kext
AppleT8132.kext
AppleT8132ANEHAL.kext
AppleT8132CLPC.kext
AppleT8132PCIe.kext
AppleT8132PCIeC.kext
AppleT8132PMGR.kext
AppleT8132SOCTuner.kext
AppleT8140.kext
AppleT8140ANEHAL.kext
AppleT8140PMGR.kext
AppleT8301USB.kext
AppleT8310ANEHAL.kext
AppleTCA6408GPIOIC.kext
AppleTCA7408GPIOIC.kext
AppleThunderboltDPAdapters.kext
AppleThunderboltEDMService.kext
AppleThunderboltIP.kext
AppleThunderboltNHI.kext
AppleThunderboltNHISpeedTest.kext
AppleThunderboltPCIAdapters.kext
AppleThunderboltUSBAdapters.kext
AppleThunderboltUTDM.kext
AppleTopCase.kext
AppleTriStar.kext
AppleTrustedAccessory.kext
AppleTwisterErrorHandler.kext
AppleTypeCPhy.kext
AppleTypeCPhyAUSBC.kext
AppleTypeCRetimer.kext
AppleUpstreamUserClient.kext
AppleUSBACM.kext
AppleUSBAudio.kext
AppleUSBCDC.kext
AppleUSBCommon.kext
AppleUSBDeviceMux.kext
AppleUSBDeviceNCM.kext
AppleUSBDisplays.kext
AppleUSBDMM.kext
AppleUSBECM.kext
AppleUSBEEM.kext
AppleUSBEthernet.kext
AppleUSBEthernetHost.kext
AppleUSBHostS5L8930X.kext
AppleUSBHostS5L8960X.kext
AppleUSBHostT7000.kext
AppleUSBHostT8002.kext
AppleUSBHostT8011.kext
AppleUSBHostT8020.kext
AppleUSBHSIC.kext
AppleUSBiBridge.kext
AppleUSBLightningAdapter.kext
AppleUSBMike.kext
AppleUSBNCM.kext
AppleUSBNetworking.kext
AppleUSBRealtek8153Patcher.kext
AppleUSBSerial.kext
AppleUSBWCM.kext
AppleUVDM.kext
AppleUVDMDriver.kext
AppleVADriver.bundle
AppleVideoToolboxParavirtualization.kext
AppleVirtIO.kext
AppleVirtIOBiometrics.kext
AppleVirtIONeuralEngineDevice.kext
AppleVirtIOStorage.kext
AppleVirtualGraphics.kext
AppleVirtualPlatform.kext
AppleVortexErrorHandler.kext
AppleVPBootPolicy.kext
AppleVPCredentialManager.kext
AppleVPKeyStore.kext
AppleXsanScheme.kext
ArcMSR.kext
asp_tcp.kext
AUC.kext
AudioAUUC.kext
AudioDMACLLTEscalationDetector_Stub.kext
AudioDMAController_T600x.kext
AudioDMAController_T602x.kext
AudioDMAController_T6030.kext
AudioDMAController_T603x.kext
AudioDMAController_T604x.kext
AudioDMAController_T8103.kext
AudioDMAController_T8112.kext
AudioDMAController_T8122.kext
AudioDMAController_T8132.kext
AudioDMAFamily.kext
autofs.kext
AvpFairPlayDriver.kext
BCMWLANFirmware4364_Hashstore.kext
BCMWLANFirmware4377_Hashstore.kext
BCMWLANFirmware4378_Hashstore.kext
BCMWLANFirmware4387_Hashstore.kext
BCMWLANFirmware4388_Hashstore.kext
BootCache.kext
BootPolicy.kext
BridgeAudioCommunication.kext
BridgeAudioController.kext
cd9660.kext
cddafs.kext
Compression.kext
CoreAnalyticsFamily.kext
corecapture.kext
corecrypto.kext
CoreKDL.kext
CoreStorage.kext
CoreTrust.kext
DCPAVFamilyARCSupport.kext
DCPAVFamilyProxy.kext
DCPDPFamilyProxy.kext
DCPMIPIProxy.kext
DMAChannelProxy.kext
Dont Steal Mac OS X.kext
EAP-RSA.ppp
EncryptedBlockStorage.kext
EndpointSecurity.kext
EXBrightPILKext.kext
ExclaveKextClient.kext
ExclavesAudioKext.kext
ExclaveSEPManagerProxy.kext
exfat.kext
FairPlayIOKit.kext
HFS_MacCentralEurRoman.kext
HFS_MacChineseSimp.kext
HFS_MacChineseTrad.kext
HFS_MacCyrillic.kext
HFS_MacJapanese.kext
HFS_MacKorean.kext
HFS.kext
HFSEncodings.kext
IISAudioIsolatedStreamECProxy.kext
InvalidateHmac.kext
IO80211Family.kext
IOAccelerator2D.plugin
IOAcceleratorFamily2.kext
IOAccessoryManager.kext
IOAccessoryPortUSB.kext
IOACPIFamily.kext
IOAHCIFamily.kext
IOARCFamily.kext
IOATAFamily.kext
IOAudio2Family.kext
IOAudioFamily.kext
IOAVBFamily.kext
IOAVFamily.kext
IOBDStorageFamily.kext
IOBiometricFamily.kext
IOBluetoothFamily.kext
IOBluetoothHIDDriver.kext
IOBufferCopyController.kext
IOBufferCopyEngineFamily.kext
IOCDStorageFamily.kext
IOCECFamily.kext
IOCryptoAcceleratorFamily.kext
IODARTFamily.kext
IODisplayPortFamily.kext
IODVDStorageFamily.kext
IOFireWireAVC.kext
IOFireWireFamily.kext
IOFireWireSBP2.kext
IOFireWireSerialBusProtocolTransport.kext
IOGameControllerFamily.kext
IOGPUFamily.kext
IOGraphicsFamily.kext
IOHDCPFamily.kext
IOHDIXController.kext
IOHIDFamily.kext
IOHIDPowerSource.kext
IOImageLoader.kext
IOKitRegistryCompatibility.kext
IOMobileGraphicsFamily-DCP.kext
IOMobileGraphicsFamily.kext
IONDRVSupport.kext
IONetworkFamily.kext
IONetworkingFamily.kext
IONVMeFamily.kext
IOPAudioAssetManagerDevice.kext
IOPAudioClientManagerDevice.kext
IOPAudioDriverFamily.kext
IOPAudioHapticsLEAPControlDevice.kext
IOPAudioIOBufferDevice.kext
IOPAudioIsolatedIOBufferDevice.kext
IOPAudioLEAPControlDevice.kext
IOPAudioLPMicDevice.kext
IOPAudioPCMAssetManagerDevice.kext
IOPAudioVoiceTriggerDevice.kext
IOPCIFamily.kext
IOPlatformPluginFamily.kext
IOPortFamily.kext
IOReportFamily.kext
IORSMFamily.kext
IOSCSIArchitectureModelFamily.kext
IOSCSIParallelFamily.kext
IOSerialFamily.kext
IOSkywalkFamily.kext
IOSlaveProcessor.kext
IOSlowAdaptiveClockingFamily.kext
IOSMBusFamily.kext
IOStorageFamily.kext
IOStreamFamily.kext
IOSurface.kext
IOTextEncryptionFamily.kext
IOThunderboltFamily.kext
IOTimeSyncFamily.kext
IOUSBDeviceFamily.kext
IOUSBFamily.kext
IOUSBHostFamily.kext
IOUSBMassStorageDriver.kext
IOUserEthernet.kext
IOUserSerial.kext
IOVideoFamily.kext
iPodDriver.kext
KextAudit.kext
L2TP.kext
Libm.kext
lifs.kext
mcxalr.kext
msdosfs.kext
nfs.kext
NVMeSMARTLib.plugin
NVSMU.kext
OSvKernDSPLib.kext
pmtelemetry.kext
PPP.kext
PPPoE.kext
PromiseSTEX.kext
pthread.kext
Quarantine.kext
RTBuddy.kext
RTBuddyV3.kext
Sandbox.kext
SCDPProxy.kext
SecureRTBuddyProxy.kext
SEPHibernation.kext
SharedDARTMapperProxy.kext
SMARTLib.plugin
smbfs.kext
SMCMotionSensor.kext
SoftRAID.kext
System.kext
tmpfs.kext
triggers.kext
udf.kext
UVCService.kext
vecLib.kext
watchdog.kext
webcontentfilter.kext
webdav_fs.kext
WLANDriver.kext
XrtHostedXnu.kext
